[INFO] 2026-01-13 12:37:14 - hana - Starting collection vs achievement report for 4B-BIO
[ERROR] 2026-01-13 12:37:14 - hana - Error in collection vs achievement report
Traceback (most recent call last):
  File "F:\samad\clone tarzan\django_web_portal\web_portal\sap_integration\management\commands\test_collection_report.py", line 115, in handle
    data = collection_vs_achievement(
        conn,
    ...<3 lines>...
        ignore_emp_filter=True
    )
  File "F:\samad\clone tarzan\django_web_portal\web_portal\sap_integration\hana_connect.py", line 378, in collection_vs_achievement
    print(output)
    ~~~~~^^^^^^^^
  File "C:\Users\THINKBOOK\AppData\Local\Programs\Python\Python313\Lib\encodings\cp1252.py", line 19, in encode
    return codecs.charmap_encode(input,self.errors,encoding_table)[0]
           ~~~~~~~~~~~~~~~~~~~~~^^^^^^^^^^^^^^^^^^^^^^^^^^^^^^^^^^
UnicodeEncodeError: 'charmap' codec can't encode character '\U0001f4ca' in position 84: character maps to <undefined>
[INFO] 2026-01-13 12:39:59 - hana - Starting collection vs achievement report for 4B-BIO
[INFO] 2026-01-13 12:40:00 - hana - 
================================================================================
COLLECTION VS ACHIEVEMENT REPORT (collection_vs_achievement)
================================================================================

Region: Baluchistan Region
Zone: Quetta Zone
Territory: Khuzdar
   Target:      PKR 74,999,998.00
   Achievement: PKR 69,846,000.00
   Variance:    PKR -5,153,998.00 (-6.9%)
   Date Range:  2023-01-01 00:00:00 to 2025-12-31 00:00:00

Region: Baluchistan Region
Zone: Quetta Zone
Territory: Pashin
   Target:      PKR 115,000,000.00
   Achievement: PKR 127,638,400.00
   Variance:    PKR 12,638,400.00 (+11.0%)
   Date Range:  2023-01-01 00:00:00 to 2025-12-31 00:00:00

Region: Baluchistan Region
Zone: Quetta Zone
Territory: Quetta
   Target:      PKR 140,000,001.00
   Achievement: PKR 136,483,971.00
   Variance:    PKR -3,516,030.00 (-2.5%)
   Date Range:  2023-01-01 00:00:00 to 2025-12-31 00:00:00

Region: Baluchistan Region
Zone: Quetta Zone
Territory: Loralai
   Target:      PKR 60,000,002.00
   Achievement: PKR 27,237,881.00
   Variance:    PKR -32,762,121.00 (-54.6%)
   Date Range:  2023-01-01 00:00:00 to 2025-12-31 00:00:00

Region: Blue Region
Zone: D.G.Khan Zone
Territory: D.G Khan
   Target:      PKR 74,999,999.00
   Achievement: PKR 42,374,530.01
   Variance:    PKR -32,625,468.99 (-43.5%)
   Date Range:  2023-07-01 00:00:00 to 2025-12-31 00:00:00

Region: Blue Region
Zone: D.G.Khan Zone
Territory: Kot Adu
   Target:      PKR 66,999,998.00
   Achievement: PKR 71,175,122.31
   Variance:    PKR 4,175,124.31 (+6.2%)
   Date Range:  2023-01-01 00:00:00 to 2025-12-31 00:00:00

Region: Blue Region
Zone: D.G.Khan Zone
Territory: KOT CHUTTA
   Target:      PKR 75,000,002.00
   Achievement: PKR 79,869,675.90
   Variance:    PKR 4,869,673.90 (+6.5%)
   Date Range:  2023-01-01 00:00:00 to 2025-12-31 00:00:00

Region: Blue Region
Zone: D.G.Khan Zone
Territory: TAUNSA
   Target:      PKR 30,000,000.00
   Achievement: PKR 9,935,927.00
   Variance:    PKR -20,064,073.00 (-66.9%)
   Date Range:  2024-12-01 00:00:00 to 2025-12-31 00:00:00

Region: Blue Region
Zone: D.G.Khan Zone
Territory: CHOWK QURESHI
   Target:      PKR 30,000,000.00
   Achievement: PKR 38,183,239.17
   Variance:    PKR 8,183,239.17 (+27.3%)
   Date Range:  2023-01-01 00:00:00 to 2025-12-31 00:00:00

Region: Blue Region
Zone: LAYYAH Zone
Territory: Bakhar
   Target:      PKR 65,000,000.00
   Achievement: PKR 30,037,139.59
   Variance:    PKR -34,962,860.41 (-53.8%)
   Date Range:  2023-12-01 00:00:00 to 2025-12-31 00:00:00

Region: Blue Region
Zone: LAYYAH Zone
Territory: CHOWK SARWAR SHAHEED
   Target:      PKR 69,999,999.00
   Achievement: PKR 64,261,407.40
   Variance:    PKR -5,738,591.60 (-8.2%)
   Date Range:  2023-09-01 00:00:00 to 2025-12-31 00:00:00

Region: Blue Region
Zone: LAYYAH Zone
Territory: D.I KHAN
   Target:      PKR 65,000,000.00
   Achievement: PKR 62,739,000.00
   Variance:    PKR -2,261,000.00 (-3.5%)
   Date Range:  2023-12-01 00:00:00 to 2025-12-31 00:00:00

Region: Blue Region
Zone: LAYYAH Zone
Territory: KAHROR LAL ESAN
   Target:      PKR 64,999,998.00
   Achievement: PKR 41,131,753.70
   Variance:    PKR -23,868,244.30 (-36.7%)
   Date Range:  2023-08-01 00:00:00 to 2025-12-31 00:00:00

Region: Blue Region
Zone: LAYYAH Zone
Territory: Mianwali
   Target:      PKR 50,632,738.00
   Achievement: PKR 33,020,200.00
   Variance:    PKR -17,612,538.00 (-34.8%)
   Date Range:  2023-01-01 00:00:00 to 2025-12-31 00:00:00

Region: Blue Region
Zone: LAYYAH Zone
Territory: Layyah
   Target:      PKR 62,999,998.00
   Achievement: PKR 34,439,232.48
   Variance:    PKR -28,560,765.52 (-45.3%)
   Date Range:  2023-09-01 00:00:00 to 2025-12-31 00:00:00

Region: Blue Region
Zone: Multan Zone
Territory: Khanewal
   Target:      PKR 30,000,000.00
   Achievement: PKR 0.00
   Variance:    PKR -30,000,000.00 (-100.0%)
   Date Range:  2024-01-01 00:00:00 to 2025-12-31 00:00:00

Region: Blue Region
Zone: Multan Zone
Territory: Multan
   Target:      PKR 30,000,000.00
   Achievement: PKR 20,273,587.00
   Variance:    PKR -9,726,413.00 (-32.4%)
   Date Range:  2023-01-01 00:00:00 to 2025-12-31 00:00:00

Region: Blue Region
Zone: Multan Zone
Territory: Shujabad
   Target:      PKR 0.00
   Achievement: PKR 0.00
   Variance:    PKR 0.00 (+0.0%)
   Date Range:  2025-01-01 00:00:00 to 2025-12-31 00:00:00

Region: Blue Region
Zone: Multan Zone
Territory: Ali Pur
   Target:      PKR 30,000,000.00
   Achievement: PKR 2,451,750.00
   Variance:    PKR -27,548,250.00 (-91.8%)
   Date Range:  2023-08-01 00:00:00 to 2025-12-31 00:00:00

Region: Blue Region
Zone: Multan Zone
Territory: Muzaffar Garh
   Target:      PKR 0.00
   Achievement: PKR 0.00
   Variance:    PKR 0.00 (+0.0%)
   Date Range:  2025-01-01 00:00:00 to 2025-12-31 00:00:00

Region: Blue Region
Zone: Multan Zone
Territory: Uch Sharif
   Target:      PKR 0.00
   Achievement: PKR 0.00
   Variance:    PKR 0.00 (+0.0%)
   Date Range:  2025-01-01 00:00:00 to 2025-12-31 00:00:00

Region: Blue Region
Zone: Multan Zone
Territory: KEHROR PACCA
   Target:      PKR 30,000,000.00
   Achievement: PKR 0.00
   Variance:    PKR -30,000,000.00 (-100.0%)
   Date Range:  2024-01-01 00:00:00 to 2025-12-31 00:00:00

Region: Blue Region
Zone: Rajan Pur Zone
Territory: Fazalpur
   Target:      PKR 71,000,001.00
   Achievement: PKR 58,266,817.60
   Variance:    PKR -12,733,183.40 (-17.9%)
   Date Range:  2023-01-01 00:00:00 to 2025-12-31 00:00:00

Region: Blue Region
Zone: Rajan Pur Zone
Territory: Jampur
   Target:      PKR 77,000,000.00
   Achievement: PKR 54,427,282.46
   Variance:    PKR -22,572,717.54 (-29.3%)
   Date Range:  2023-02-01 00:00:00 to 2025-12-31 00:00:00

Region: Blue Region
Zone: Rajan Pur Zone
Territory: KOT MITHAN
   Target:      PKR 59,999,999.00
   Achievement: PKR 40,385,526.43
   Variance:    PKR -19,614,472.57 (-32.7%)
   Date Range:  2023-01-01 00:00:00 to 2025-12-31 00:00:00

Region: Blue Region
Zone: Rajan Pur Zone
Territory: RAJAN PUR
   Target:      PKR 30,000,001.00
   Achievement: PKR 4,295,825.75
   Variance:    PKR -25,704,175.25 (-85.7%)
   Date Range:  2023-06-01 00:00:00 to 2025-12-31 00:00:00

Region: Dormant Region
Zone: Dormant Zone
Territory: Disputed
   Target:      PKR 0.00
   Achievement: PKR 68,847,956.25
   Variance:    PKR 68,847,956.25 (+0.0%)
   Date Range:  2023-01-01 00:00:00 to 2025-11-30 00:00:00

Region: Dormant Region
Zone: Dormant Zone
Territory: Dormant
   Target:      PKR 0.00
   Achievement: PKR 355,619,361.38
   Variance:    PKR 355,619,361.38 (+0.0%)
   Date Range:  2023-01-01 00:00:00 to 2025-08-31 00:00:00

Region: Green Region
Zone: Chishtian Zone
Territory: Chishtian
   Target:      PKR 59,999,997.00
   Achievement: PKR 13,620,077.48
   Variance:    PKR -46,379,919.52 (-77.3%)
   Date Range:  2023-06-01 00:00:00 to 2025-12-31 00:00:00

Region: Green Region
Zone: Chishtian Zone
Territory: Hasil Pur
   Target:      PKR 30,000,000.00
   Achievement: PKR 14,949,625.00
   Variance:    PKR -15,050,375.00 (-50.2%)
   Date Range:  2023-01-01 00:00:00 to 2025-12-31 00:00:00

Region: Green Region
Zone: Chishtian Zone
Territory: Haroonabad
   Target:      PKR 30,000,000.00
   Achievement: PKR 0.00
   Variance:    PKR -30,000,000.00 (-100.0%)
   Date Range:  2025-01-01 00:00:00 to 2025-12-31 00:00:00

Region: Green Region
Zone: Chishtian Zone
Territory: Fortabbas
   Target:      PKR 30,000,000.00
   Achievement: PKR 222,060.00
   Variance:    PKR -29,777,940.00 (-99.3%)
   Date Range:  2025-01-01 00:00:00 to 2025-12-31 00:00:00

Region: Green Region
Zone: Faisalabad Zone
Territory: Chiniot
   Target:      PKR 74,999,999.00
   Achievement: PKR 85,369,749.00
   Variance:    PKR 10,369,750.00 (+13.8%)
   Date Range:  2023-01-01 00:00:00 to 2025-12-31 00:00:00

Region: Green Region
Zone: Faisalabad Zone
Territory: Faisalabad
   Target:      PKR 29,999,999.00
   Achievement: PKR 12,772.00
   Variance:    PKR -29,987,227.00 (-100.0%)
   Date Range:  2024-01-01 00:00:00 to 2025-12-31 00:00:00

Region: Green Region
Zone: Faisalabad Zone
Territory: Sargodha
   Target:      PKR 72,500,000.00
   Achievement: PKR 30,169,841.00
   Variance:    PKR -42,330,159.00 (-58.4%)
   Date Range:  2023-01-01 00:00:00 to 2025-12-31 00:00:00

Region: Green Region
Zone: Faisalabad Zone
Territory: T.T Singh
   Target:      PKR 70,000,000.00
   Achievement: PKR 56,478,510.00
   Variance:    PKR -13,521,490.00 (-19.3%)
   Date Range:  2023-01-01 00:00:00 to 2025-12-31 00:00:00

Region: Green Region
Zone: Faisalabad Zone
Territory: Samundri
   Target:      PKR 70,000,000.00
   Achievement: PKR 73,023,454.00
   Variance:    PKR 3,023,454.00 (+4.3%)
   Date Range:  2023-01-01 00:00:00 to 2025-12-31 00:00:00

Region: Green Region
Zone: Faisalabad Zone
Territory: Jhang
   Target:      PKR 30,000,000.00
   Achievement: PKR 9,032,845.00
   Variance:    PKR -20,967,155.00 (-69.9%)
   Date Range:  2023-01-01 00:00:00 to 2025-12-31 00:00:00

Region: Green Region
Zone: Lahore Zone
Territory: Basirpur
   Target:      PKR 62,999,998.00
   Achievement: PKR 57,263,754.00
   Variance:    PKR -5,736,244.00 (-9.1%)
   Date Range:  2023-01-01 00:00:00 to 2025-12-31 00:00:00

Region: Green Region
Zone: Lahore Zone
Territory: Hujra
   Target:      PKR 63,000,000.00
   Achievement: PKR 37,275,850.00
   Variance:    PKR -25,724,150.00 (-40.8%)
   Date Range:  2023-01-01 00:00:00 to 2025-12-31 00:00:00

Region: Green Region
Zone: Lahore Zone
Territory: Kasur
   Target:      PKR 59,999,999.00
   Achievement: PKR 23,358,954.00
   Variance:    PKR -36,641,045.00 (-61.1%)
   Date Range:  2023-01-01 00:00:00 to 2025-12-31 00:00:00

Region: Green Region
Zone: Lahore Zone
Territory: Pattoki
   Target:      PKR 60,999,999.00
   Achievement: PKR 50,090,871.00
   Variance:    PKR -10,909,128.00 (-17.9%)
   Date Range:  2023-01-01 00:00:00 to 2025-12-31 00:00:00

Region: Green Region
Zone: Lahore Zone
Territory: Narowal
   Target:      PKR 0.00
   Achievement: PKR 696,515.00
   Variance:    PKR 696,515.00 (+0.0%)
   Date Range:  2025-01-01 00:00:00 to 2025-12-31 00:00:00

Region: Green Region
Zone: Lahore Zone
Territory: Sheikhupura
   Target:      PKR 0.00
   Achievement: PKR 0.00
   Variance:    PKR 0.00 (+0.0%)
   Date Range:  2025-01-01 00:00:00 to 2025-12-31 00:00:00

Region: Green Region
Zone: Lahore Zone
Territory: LAHORE
   Target:      PKR 0.00
   Achievement: PKR 222,308.00
   Variance:    PKR 222,308.00 (+0.0%)
   Date Range:  2023-09-01 00:00:00 to 2025-12-31 00:00:00

Region: Green Region
Zone: Lahore Zone
Territory: DEPALPUR
   Target:      PKR 73,000,001.00
   Achievement: PKR 51,208,991.00
   Variance:    PKR -21,791,010.00 (-29.9%)
   Date Range:  2023-05-01 00:00:00 to 2025-12-31 00:00:00

Region: Green Region
Zone: Pakpattan Zone
Territory: SIKANDAR CHOWK
   Target:      PKR 67,499,997.00
   Achievement: PKR 52,722,666.00
   Variance:    PKR -14,777,331.00 (-21.9%)
   Date Range:  2023-01-01 00:00:00 to 2025-12-31 00:00:00

Region: Green Region
Zone: Pakpattan Zone
Territory: Haveli Lakha
   Target:      PKR 88,500,001.00
   Achievement: PKR 80,488,061.00
   Variance:    PKR -8,011,940.00 (-9.1%)
   Date Range:  2023-01-01 00:00:00 to 2025-12-31 00:00:00

Region: Green Region
Zone: Pakpattan Zone
Territory: Okara
   Target:      PKR 67,500,002.00
   Achievement: PKR 32,846,888.00
   Variance:    PKR -34,653,114.00 (-51.3%)
   Date Range:  2023-01-01 00:00:00 to 2025-12-31 00:00:00

Region: Green Region
Zone: Pakpattan Zone
Territory: Pakpattan-1
   Target:      PKR 80,000,001.00
   Achievement: PKR 37,368,130.00
   Variance:    PKR -42,631,871.00 (-53.3%)
   Date Range:  2023-01-01 00:00:00 to 2025-12-31 00:00:00

Region: Green Region
Zone: Pakpattan Zone
Territory: Pakpattan-2
   Target:      PKR 95,500,002.00
   Achievement: PKR 107,293,330.00
   Variance:    PKR 11,793,328.00 (+12.3%)
   Date Range:  2023-01-01 00:00:00 to 2025-12-31 00:00:00

Region: Green Region
Zone: Pakpattan Zone
Territory: Arifwala
   Target:      PKR 86,000,001.00
   Achievement: PKR 66,448,455.00
   Variance:    PKR -19,551,546.00 (-22.7%)
   Date Range:  2023-01-01 00:00:00 to 2025-12-31 00:00:00

Region: Green Region
Zone: Sahiwal Zone
Territory: Chichawatni
   Target:      PKR 70,000,002.00
   Achievement: PKR 58,513,475.00
   Variance:    PKR -11,486,527.00 (-16.4%)
   Date Range:  2023-01-01 00:00:00 to 2025-12-31 00:00:00

Region: Green Region
Zone: Sahiwal Zone
Territory: Harappa
   Target:      PKR 70,000,000.00
   Achievement: PKR 34,174,355.00
   Variance:    PKR -35,825,645.00 (-51.2%)
   Date Range:  2023-01-01 00:00:00 to 2025-12-31 00:00:00

Region: Green Region
Zone: Sahiwal Zone
Territory: SHAHKOT
   Target:      PKR 67,000,001.00
   Achievement: PKR 54,738,771.00
   Variance:    PKR -12,261,230.00 (-18.3%)
   Date Range:  2023-02-01 00:00:00 to 2025-12-31 00:00:00

Region: Green Region
Zone: Sahiwal Zone
Territory: Mianchannu
   Target:      PKR 62,000,000.00
   Achievement: PKR 30,356,600.00
   Variance:    PKR -31,643,400.00 (-51.0%)
   Date Range:  2023-12-01 00:00:00 to 2025-12-31 00:00:00

Region: Green Region
Zone: Sahiwal Zone
Territory: Sahiwal
   Target:      PKR 70,000,002.00
   Achievement: PKR 26,393,947.00
   Variance:    PKR -43,606,055.00 (-62.3%)
   Date Range:  2023-01-01 00:00:00 to 2025-12-31 00:00:00

Region: Green Region
Zone: Vehari Zone
Territory: Bahawalnagar
   Target:      PKR 59,999,999.00
   Achievement: PKR 24,787,077.00
   Variance:    PKR -35,212,922.00 (-58.7%)
   Date Range:  2023-02-01 00:00:00 to 2025-12-31 00:00:00

Region: Green Region
Zone: Vehari Zone
Territory: Burewala
   Target:      PKR 75,999,998.00
   Achievement: PKR 88,240,456.00
   Variance:    PKR 12,240,458.00 (+16.1%)
   Date Range:  2023-01-01 00:00:00 to 2025-12-31 00:00:00

Region: Green Region
Zone: Vehari Zone
Territory: Mailsi
   Target:      PKR 62,499,999.00
   Achievement: PKR 44,095,950.00
   Variance:    PKR -18,404,049.00 (-29.4%)
   Date Range:  2023-01-01 00:00:00 to 2025-12-31 00:00:00

Region: Green Region
Zone: Vehari Zone
Territory: Minchenabad
   Target:      PKR 82,500,001.00
   Achievement: PKR 95,860,861.00
   Variance:    PKR 13,360,860.00 (+16.2%)
   Date Range:  2023-01-01 00:00:00 to 2025-12-31 00:00:00

Region: Green Region
Zone: Vehari Zone
Territory: Vehari
   Target:      PKR 70,000,000.00
   Achievement: PKR 32,058,450.00
   Variance:    PKR -37,941,550.00 (-54.2%)
   Date Range:  2023-01-01 00:00:00 to 2025-12-31 00:00:00

Region: Inter Company Region
Zone: Contract Growers Zone
Territory: Contract Growers
   Target:      PKR 0.00
   Achievement: PKR 1,832,686.00
   Variance:    PKR 1,832,686.00 (+0.0%)
   Date Range:  2025-11-01 00:00:00 to 2025-11-30 00:00:00

Region: White Region
Zone: FARMER Zone
Territory: FARMER
   Target:      PKR 0.00
   Achievement: PKR 0.00
   Variance:    PKR 0.00 (+0.0%)
   Date Range:  2025-01-01 00:00:00 to 2025-12-31 00:00:00

Region: White Region
Zone: Hyderabad Zone
Territory: Karachi-1
   Target:      PKR 72,500,000.00
   Achievement: PKR 50,643,717.00
   Variance:    PKR -21,856,283.00 (-30.1%)
   Date Range:  2023-01-01 00:00:00 to 2025-12-31 00:00:00

Region: White Region
Zone: Hyderabad Zone
Territory: Karachi-2
   Target:      PKR 72,500,000.00
   Achievement: PKR 48,008,083.00
   Variance:    PKR -24,491,917.00 (-33.8%)
   Date Range:  2023-01-01 00:00:00 to 2025-12-31 00:00:00

Region: White Region
Zone: Hyderabad Zone
Territory: Matli
   Target:      PKR 95,000,000.00
   Achievement: PKR 128,847,300.00
   Variance:    PKR 33,847,300.00 (+35.6%)
   Date Range:  2023-08-01 00:00:00 to 2025-12-31 00:00:00

Region: White Region
Zone: Hyderabad Zone
Territory: Talhar
   Target:      PKR 67,000,000.00
   Achievement: PKR 6,850,900.00
   Variance:    PKR -60,149,100.00 (-89.8%)
   Date Range:  2024-01-01 00:00:00 to 2025-12-31 00:00:00

Region: White Region
Zone: Hyderabad Zone
Territory: Tando Allah Yar
   Target:      PKR 68,000,000.00
   Achievement: PKR 73,331,499.00
   Variance:    PKR 5,331,499.00 (+7.8%)
   Date Range:  2023-01-01 00:00:00 to 2025-12-31 00:00:00

Region: White Region
Zone: Hyderabad Zone
Territory: Tando M. Khan
   Target:      PKR 62,000,000.00
   Achievement: PKR 60,981,972.00
   Variance:    PKR -1,018,028.00 (-1.6%)
   Date Range:  2023-03-01 00:00:00 to 2025-12-31 00:00:00

Region: White Region
Zone: KUNRI Zone
Territory: Kunri-2
   Target:      PKR 64,000,001.00
   Achievement: PKR 59,038,815.00
   Variance:    PKR -4,961,186.00 (-7.8%)
   Date Range:  2023-01-01 00:00:00 to 2025-12-31 00:00:00

Region: White Region
Zone: KUNRI Zone
Territory: Kot Ghulam Muhammad
   Target:      PKR 70,000,002.00
   Achievement: PKR 76,962,782.00
   Variance:    PKR 6,962,780.00 (+9.9%)
   Date Range:  2023-01-01 00:00:00 to 2025-12-31 00:00:00

Region: White Region
Zone: KUNRI Zone
Territory: Kunri-1
   Target:      PKR 86,000,000.00
   Achievement: PKR 102,476,700.00
   Variance:    PKR 16,476,700.00 (+19.2%)
   Date Range:  2023-01-01 00:00:00 to 2025-12-31 00:00:00

Region: White Region
Zone: KUNRI Zone
Territory: Umerkot
   Target:      PKR 64,999,999.00
   Achievement: PKR 53,713,286.00
   Variance:    PKR -11,286,713.00 (-17.4%)
   Date Range:  2023-01-01 00:00:00 to 2025-12-31 00:00:00

Region: White Region
Zone: Larkana-1 Zone
Territory: Dadu
   Target:      PKR 65,000,001.00
   Achievement: PKR 36,177,418.00
   Variance:    PKR -28,822,583.00 (-44.3%)
   Date Range:  2023-01-01 00:00:00 to 2025-12-31 00:00:00

Region: White Region
Zone: Larkana-1 Zone
Territory: Larkana
   Target:      PKR 70,000,002.00
   Achievement: PKR 30,732,330.00
   Variance:    PKR -39,267,672.00 (-56.1%)
   Date Range:  2023-01-01 00:00:00 to 2025-12-31 00:00:00

Region: White Region
Zone: Larkana-1 Zone
Territory: Nasirabad
   Target:      PKR 83,000,000.00
   Achievement: PKR 47,501,630.00
   Variance:    PKR -35,498,370.00 (-42.8%)
   Date Range:  2023-01-01 00:00:00 to 2025-12-31 00:00:00

Region: White Region
Zone: Larkana-1 Zone
Territory: Radhan
   Target:      PKR 70,000,000.00
   Achievement: PKR 64,898,536.00
   Variance:    PKR -5,101,464.00 (-7.3%)
   Date Range:  2023-01-01 00:00:00 to 2025-12-31 00:00:00

Region: White Region
Zone: Larkana-1 Zone
Territory: Shehdadkot
   Target:      PKR 82,000,000.00
   Achievement: PKR 57,034,910.00
   Variance:    PKR -24,965,090.00 (-30.4%)
   Date Range:  2023-01-01 00:00:00 to 2025-12-31 00:00:00

Region: White Region
Zone: Larkana-2 Zone
Territory: Jacobabad-1
   Target:      PKR 75,000,000.00
   Achievement: PKR 65,838,103.42
   Variance:    PKR -9,161,896.58 (-12.2%)
   Date Range:  2023-01-01 00:00:00 to 2025-12-31 00:00:00

Region: White Region
Zone: Larkana-2 Zone
Territory: Jacobabad-2
   Target:      PKR 62,000,001.00
   Achievement: PKR 19,293,220.00
   Variance:    PKR -42,706,781.00 (-68.9%)
   Date Range:  2023-01-01 00:00:00 to 2025-12-31 00:00:00

Region: White Region
Zone: Larkana-2 Zone
Territory: Kandh Kot
   Target:      PKR 62,000,000.00
   Achievement: PKR 30,477,210.00
   Variance:    PKR -31,522,790.00 (-50.8%)
   Date Range:  2023-01-01 00:00:00 to 2025-12-31 00:00:00

Region: White Region
Zone: Larkana-2 Zone
Territory: Usta Muhammad
   Target:      PKR 75,000,000.00
   Achievement: PKR 91,410,843.00
   Variance:    PKR 16,410,843.00 (+21.9%)
   Date Range:  2023-01-01 00:00:00 to 2025-12-31 00:00:00

Region: White Region
Zone: Mirpur Khas Zone
Territory: Nau Kot
   Target:      PKR 62,000,001.00
   Achievement: PKR 39,934,477.71
   Variance:    PKR -22,065,523.29 (-35.6%)
   Date Range:  2023-01-01 00:00:00 to 2025-12-31 00:00:00

Region: White Region
Zone: Mirpur Khas Zone
Territory: Sajawal
   Target:      PKR 65,000,001.00
   Achievement: PKR 59,819,253.62
   Variance:    PKR -5,180,747.38 (-8.0%)
   Date Range:  2023-01-01 00:00:00 to 2025-12-31 00:00:00

Region: White Region
Zone: Mirpur Khas Zone
Territory: Khipro
   Target:      PKR 65,000,001.00
   Achievement: PKR 64,784,503.00
   Variance:    PKR -215,498.00 (-0.3%)
   Date Range:  2023-01-01 00:00:00 to 2025-12-31 00:00:00

Region: White Region
Zone: Mirpur Khas Zone
Territory: Mirpurkhas
   Target:      PKR 67,000,000.00
   Achievement: PKR 69,419,025.81
   Variance:    PKR 2,419,025.81 (+3.6%)
   Date Range:  2023-01-01 00:00:00 to 2025-12-31 00:00:00

Region: White Region
Zone: Mirpur Khas Zone
Territory: Tando Ghulam Ali
   Target:      PKR 68,000,000.00
   Achievement: PKR 101,237,503.16
   Variance:    PKR 33,237,503.16 (+48.9%)
   Date Range:  2023-01-01 00:00:00 to 2025-12-31 00:00:00

Region: White Region
Zone: Mirpur Khas Zone
Territory: Badin
   Target:      PKR 65,000,000.00
   Achievement: PKR 30,422,100.00
   Variance:    PKR -34,577,900.00 (-53.2%)
   Date Range:  2023-09-01 00:00:00 to 2025-12-31 00:00:00

Region: White Region
Zone: Nawab Shah Zone
Territory: Halla
   Target:      PKR 65,000,001.00
   Achievement: PKR 75,519,237.00
   Variance:    PKR 10,519,236.00 (+16.2%)
   Date Range:  2023-01-01 00:00:00 to 2025-12-31 00:00:00

Region: White Region
Zone: Nawab Shah Zone
Territory: Nawabshah-1
   Target:      PKR 67,000,000.00
   Achievement: PKR 59,498,643.00
   Variance:    PKR -7,501,357.00 (-11.2%)
   Date Range:  2023-01-01 00:00:00 to 2025-12-31 00:00:00

Region: White Region
Zone: Nawab Shah Zone
Territory: Nawabshah-2
   Target:      PKR 65,000,000.00
   Achievement: PKR 53,565,775.00
   Variance:    PKR -11,434,225.00 (-17.6%)
   Date Range:  2023-01-01 00:00:00 to 2025-12-31 00:00:00

Region: White Region
Zone: Nawab Shah Zone
Territory: Sanghar
   Target:      PKR 89,999,999.00
   Achievement: PKR 104,194,890.00
   Variance:    PKR 14,194,891.00 (+15.8%)
   Date Range:  2023-01-01 00:00:00 to 2025-12-31 00:00:00

Region: White Region
Zone: Nawab Shah Zone
Territory: Shahdadpur-1
   Target:      PKR 104,000,001.00
   Achievement: PKR 125,494,351.12
   Variance:    PKR 21,494,350.12 (+20.7%)
   Date Range:  2023-01-01 00:00:00 to 2025-12-31 00:00:00

Region: White Region
Zone: Nawab Shah Zone
Territory: Tando Adam
   Target:      PKR 63,999,999.00
   Achievement: PKR 55,055,037.74
   Variance:    PKR -8,944,961.26 (-14.0%)
   Date Range:  2023-01-01 00:00:00 to 2025-12-31 00:00:00

Region: White Region
Zone: Nawab Shah Zone
Territory: Shahdadpur-2
   Target:      PKR 62,000,000.00
   Achievement: PKR 39,765,454.00
   Variance:    PKR -22,234,546.00 (-35.9%)
   Date Range:  2023-01-01 00:00:00 to 2025-12-31 00:00:00

Region: White Region
Zone: Sukkar-1 Zone
Territory: Dharki
   Target:      PKR 64,500,000.00
   Achievement: PKR 40,332,380.00
   Variance:    PKR -24,167,620.00 (-37.5%)
   Date Range:  2023-02-01 00:00:00 to 2025-12-31 00:00:00

Region: White Region
Zone: Sukkar-1 Zone
Territory: Ghotki
   Target:      PKR 60,000,000.00
   Achievement: PKR 54,088,166.00
   Variance:    PKR -5,911,834.00 (-9.9%)
   Date Range:  2023-01-01 00:00:00 to 2025-12-31 00:00:00

Region: White Region
Zone: Sukkar-1 Zone
Territory: Jarwar
   Target:      PKR 88,000,001.00
   Achievement: PKR 115,229,951.00
   Variance:    PKR 27,229,950.00 (+30.9%)
   Date Range:  2023-01-01 00:00:00 to 2025-12-31 00:00:00

Region: White Region
Zone: Sukkar-1 Zone
Territory: Khanpur Mahar
   Target:      PKR 82,000,001.00
   Achievement: PKR 102,403,500.00
   Variance:    PKR 20,403,499.00 (+24.9%)
   Date Range:  2023-01-01 00:00:00 to 2025-12-31 00:00:00

Region: White Region
Zone: Sukkar-1 Zone
Territory: Mirpur Mathelo
   Target:      PKR 67,500,001.00
   Achievement: PKR 63,552,589.00
   Variance:    PKR -3,947,412.00 (-5.8%)
   Date Range:  2023-01-01 00:00:00 to 2025-12-31 00:00:00

Region: White Region
Zone: Sukkar-1 Zone
Territory: Ubaro
   Target:      PKR 30,000,000.00
   Achievement: PKR 11,415,850.00
   Variance:    PKR -18,584,150.00 (-61.9%)
   Date Range:  2025-01-01 00:00:00 to 2025-12-31 00:00:00

Region: White Region
Zone: Sukkar-2 Zone
Territory: Khairpur
   Target:      PKR 69,999,999.00
   Achievement: PKR 37,204,960.00
   Variance:    PKR -32,795,039.00 (-46.9%)
   Date Range:  2023-02-01 00:00:00 to 2025-12-31 00:00:00

Region: White Region
Zone: Sukkar-2 Zone
Territory: Mehrabpur
   Target:      PKR 69,999,999.00
   Achievement: PKR 29,637,780.00
   Variance:    PKR -40,362,219.00 (-57.7%)
   Date Range:  2023-01-01 00:00:00 to 2025-12-31 00:00:00

Region: White Region
Zone: Sukkar-2 Zone
Territory: Panu Aqil
   Target:      PKR 30,000,000.00
   Achievement: PKR 0.00
   Variance:    PKR -30,000,000.00 (-100.0%)
   Date Range:  2024-01-01 00:00:00 to 2024-12-31 00:00:00

Region: White Region
Zone: Sukkar-2 Zone
Territory: Ranipur
   Target:      PKR 30,000,000.00
   Achievement: PKR 0.00
   Variance:    PKR -30,000,000.00 (-100.0%)
   Date Range:  2024-01-01 00:00:00 to 2025-12-31 00:00:00

Region: White Region
Zone: Sukkar-2 Zone
Territory: Sukkur
   Target:      PKR 69,999,998.00
   Achievement: PKR 36,054,843.70
   Variance:    PKR -33,945,154.30 (-48.5%)
   Date Range:  2023-01-01 00:00:00 to 2025-12-31 00:00:00

Region: White Region
Zone: Sukkar-2 Zone
Territory: Rohri
   Target:      PKR 65,000,003.00
   Achievement: PKR 50,928,429.00
   Variance:    PKR -14,071,574.00 (-21.6%)
   Date Range:  2023-01-01 00:00:00 to 2025-12-31 00:00:00

Region: White Region
Zone: Sukkar-2 Zone
Territory: GAMBAT
   Target:      PKR 50,000,001.00
   Achievement: PKR 43,594,852.00
   Variance:    PKR -6,405,149.00 (-12.8%)
   Date Range:  2023-01-01 00:00:00 to 2025-12-31 00:00:00

--------------------------------------------------------------------------------
TOTAL:
   Target:      PKR 6,448,132,744.00
   Achievement: PKR 5,411,530,727.19
   Variance:    PKR -1,036,602,016.81 (-16.1%)
--------------------------------------------------------------------------------
================================================================================

